<?xml version="1.0" encoding="UTF-8"?>
<!-- Generated by org.testng.reporters.JUnitReportReporter -->
<testsuite skipped="0" hostname="ip-172-31-27-255" name="test.LoanTest" tests="3" failures="0" timestamp="2022-09-04T03:54:41 UTC" time="0.013" errors="0">
  <testcase name="PersonalLoanTest1" time="0.005" classname="test.LoanTest"/>
  <system-out/>
  <testcase name="HomeLoanTest" time="0.005" classname="test.LoanTest"/>
  <system-out/>
  <testcase name="PersonalLoanTest" time="0.003" classname="test.LoanTest"/>
  <system-out/>
</testsuite> <!-- test.LoanTest -->
