<?xml version="1.0" encoding="UTF-8"?>
<!-- Generated by org.testng.reporters.JUnitReportReporter -->
<testsuite skipped="0" hostname="ip-172-31-27-255" name="test.CardTest" tests="1" failures="0" timestamp="2022-09-04T03:47:44 UTC" time="0.013" errors="0">
  <testcase name="CCTest" time="0.013" classname="test.CardTest"/>
  <system-out/>
</testsuite> <!-- test.CardTest -->
